Using pre-set license

 COMMAND LINE ARGUMENTS:
/Applications/Unity/Hub/Editor/2020.3.4f1/Unity.app/Contents/MacOS/Unity
-adb2
-batchMode
-noUpm
-name
AssetImportWorker0
-projectPath
/Users/hyuk/Downloads/New Unity Project (2) 4
-logFile
Logs/AssetImportWorker0.log
-srvPort
52862
Successfully changed project path to: /Users/hyuk/Downloads/New Unity Project (2) 4
/Users/hyuk/Downloads/New Unity Project (2) 4
Using Asset Import Pipeline V2.
Refreshing native plugins compatible for Editor in 173.41 ms, found 6 plugins.
Preloading 0 native plugins for Editor in 0.00 ms.
Initialize engine version: 2020.3.4f1 (0abb6314276a)
[Subsystems] Discovering subsystems at path /Applications/Unity/Hub/Editor/2020.3.4f1/Unity.app/Contents/Resources/UnitySubsystems
[Subsystems] Discovering subsystems at path /Users/hyuk/Downloads/New Unity Project (2) 4/Assets
GfxDevice: creating device client; threaded=0
2021-05-28 17:46:09.589 Unity[28374:233304] 3260R-HDMI preferred device: Intel(R) Iris(TM) Plus Graphics (low power)
2021-05-28 17:46:09.589 Unity[28374:233304] Metal devices available: 1
2021-05-28 17:46:09.589 Unity[28374:233304] 0: Intel(R) Iris(TM) Plus Graphics (low power)
2021-05-28 17:46:09.590 Unity[28374:233304] Using device Intel(R) Iris(TM) Plus Graphics (low power)
Initializing Metal device caps: Intel(R) Iris(TM) Plus Graphics
Initialize mono
Mono path[0] = '/Applications/Unity/Hub/Editor/2020.3.4f1/Unity.app/Contents/Managed'
Mono path[1] = '/Applications/Unity/Hub/Editor/2020.3.4f1/Unity.app/Contents/MonoBleedingEdge/lib/mono/unityjit'
Mono config path = '/Applications/Unity/Hub/Editor/2020.3.4f1/Unity.app/Contents/MonoBleedingEdge/etc'
Using monoOptions --debugger-agent=transport=dt_socket,embedding=1,server=y,suspend=n,address=127.0.0.1:56374
Begin MonoManager ReloadAssembly
Registering precompiled unity dll's ...
Register platform support module: /Applications/Unity/Hub/Editor/2020.3.4f1/Unity.app/Contents/PlaybackEngines/MacStandaloneSupport/UnityEditor.OSXStandalone.Extensions.dll
Registered in 0.004329 seconds.
Native extension for OSXStandalone target not found
Refreshing native plugins compatible for Editor in 67.65 ms, found 6 plugins.
Preloading 0 native plugins for Editor in 0.00 ms.
Mono: successfully reloaded assembly
- Completed reload, in  7.767 seconds
Platform modules already initialized, skipping
Registering precompiled user dll's ...
Registered in 0.025794 seconds.
Begin MonoManager ReloadAssembly
Native extension for OSXStandalone target not found
Refreshing native plugins compatible for Editor in 105.54 ms, found 6 plugins.
Preloading 0 native plugins for Editor in 0.00 ms.
Mono: successfully reloaded assembly
- Completed reload, in  3.284 seconds
Platform modules already initialized, skipping
========================================================================
Worker process is ready to serve import requests
Launching external process: /Applications/Unity/Hub/Editor/2020.3.4f1/Unity.app/Contents/Tools/UnityShaderCompiler
Launched and connected shader compiler UnityShaderCompiler after 0.03 seconds
Refreshing native plugins compatible for Editor in 1.96 ms, found 6 plugins.
Preloading 0 native plugins for Editor in 0.00 ms.
Unloading 1938 Unused Serialized files (Serialized files now loaded: 0)
System memory in use before: 155.0 MB.
System memory in use after: 155.1 MB.

Unloading 113 unused Assets to reduce memory usage. Loaded Objects now: 2305.
Total: 5.671187 ms (FindLiveObjects: 0.266471 ms CreateObjectMapping: 0.097110 ms MarkObjects: 5.049231 ms  DeleteObjects: 0.254938 ms)

========================================================================
Received Import Request.
  path: Assets/Scenes/Game1.unity
  artifactKey: Guid(2cda990e2423bbf4892e6590ba056729) Importer(815301076,1909f56bfc062723c751e8b465ee728b)
Start importing Assets/Scenes/Game1.unity using Guid(2cda990e2423bbf4892e6590ba056729) Importer(815301076,1909f56bfc062723c751e8b465ee728b)  -> (artifact id: '1732896043498e7054a143e229e0375d') in 0.032687 seconds
  Import took 0.043100 seconds .

========================================================================
Received Prepare
Registering precompiled user dll's ...
Registered in 0.024083 seconds.
Begin MonoManager ReloadAssembly
Native extension for OSXStandalone target not found
Refreshing native plugins compatible for Editor in 2.05 ms, found 6 plugins.
Preloading 0 native plugins for Editor in 0.00 ms.
Mono: successfully reloaded assembly
- Completed reload, in  2.975 seconds
Platform modules already initialized, skipping
Switching build target platform(2) subTarget(0) extendedPlatform(0) -> platform(9) subTarget(16777218) extendedPlatform(0)
Refreshing native plugins compatible for Editor in 1.37 ms, found 6 plugins.
Preloading 0 native plugins for Editor in 0.00 ms.
Unloading 1931 Unused Serialized files (Serialized files now loaded: 0)
System memory in use before: 154.5 MB.
System memory in use after: 154.6 MB.

Unloading 102 unused Assets to reduce memory usage. Loaded Objects now: 2308.
Total: 2.884123 ms (FindLiveObjects: 0.307565 ms CreateObjectMapping: 0.074995 ms MarkObjects: 2.442535 ms  DeleteObjects: 0.057147 ms)

AssetImportParameters requested are different than current active one (requested -> active):
  custom:graphics/normal-map-encoding: 01000000000000000000000000000000 -> 02000000000000000000000000000000
========================================================================
Received Import Request.
  Time since last request: 255.667309 seconds.
  path: Assets/scripts/game1/baseVillain.cs
  artifactKey: Guid(8c3d5acfcd518485aa2b9b258c8f44c2) Importer(815301076,1909f56bfc062723c751e8b465ee728b)
Start importing Assets/scripts/game1/baseVillain.cs using Guid(8c3d5acfcd518485aa2b9b258c8f44c2) Importer(815301076,1909f56bfc062723c751e8b465ee728b)  -> (artifact id: 'a5ba847b0e063de88536d5d2b02a91a4') in 0.857490 seconds
  Import took 0.864282 seconds .

========================================================================
Received Prepare
Registering precompiled user dll's ...
Registered in 0.014824 seconds.
Begin MonoManager ReloadAssembly
Native extension for OSXStandalone target not found
Refreshing native plugins compatible for Editor in 1.34 ms, found 6 plugins.
Preloading 0 native plugins for Editor in 0.00 ms.
Mono: successfully reloaded assembly
- Completed reload, in  1.879 seconds
Platform modules already initialized, skipping
Switching build target platform(2) subTarget(0) extendedPlatform(0) -> platform(9) subTarget(16777218) extendedPlatform(0)
Refreshing native plugins compatible for Editor in 1.20 ms, found 6 plugins.
Preloading 0 native plugins for Editor in 0.00 ms.
Unloading 1931 Unused Serialized files (Serialized files now loaded: 0)
System memory in use before: 159.2 MB.
System memory in use after: 159.3 MB.

Unloading 102 unused Assets to reduce memory usage. Loaded Objects now: 2311.
Total: 2.375246 ms (FindLiveObjects: 0.249751 ms CreateObjectMapping: 0.086489 ms MarkObjects: 1.992496 ms  DeleteObjects: 0.044700 ms)

AssetImportParameters requested are different than current active one (requested -> active):
  custom:graphics/normal-map-encoding: 01000000000000000000000000000000 -> 02000000000000000000000000000000
========================================================================
Received Prepare
Registering precompiled user dll's ...
Registered in 0.026816 seconds.
Begin MonoManager ReloadAssembly
Native extension for OSXStandalone target not found
Refreshing native plugins compatible for Editor in 1.20 ms, found 6 plugins.
Preloading 0 native plugins for Editor in 0.00 ms.
Mono: successfully reloaded assembly
- Completed reload, in  1.566 seconds
Platform modules already initialized, skipping
Switching build target platform(2) subTarget(0) extendedPlatform(0) -> platform(9) subTarget(16777218) extendedPlatform(0)
Refreshing native plugins compatible for Editor in 1.13 ms, found 6 plugins.
Preloading 0 native plugins for Editor in 0.00 ms.
Unloading 1931 Unused Serialized files (Serialized files now loaded: 0)
System memory in use before: 159.4 MB.
System memory in use after: 159.5 MB.

Unloading 102 unused Assets to reduce memory usage. Loaded Objects now: 2314.
Total: 2.285451 ms (FindLiveObjects: 0.210023 ms CreateObjectMapping: 0.077528 ms MarkObjects: 1.929221 ms  DeleteObjects: 0.051423 ms)

AssetImportParameters requested are different than current active one (requested -> active):
  custom:graphics/normal-map-encoding: 01000000000000000000000000000000 -> 02000000000000000000000000000000
========================================================================
Received Import Request.
  Time since last request: 324.562039 seconds.
  path: Assets/scripts/game1/NewBehaviourScript.cs
  artifactKey: Guid(aceebb28823154b16acc36db9b612eb7) Importer(815301076,1909f56bfc062723c751e8b465ee728b)
Start importing Assets/scripts/game1/NewBehaviourScript.cs using Guid(aceebb28823154b16acc36db9b612eb7) Importer(815301076,1909f56bfc062723c751e8b465ee728b)  -> (artifact id: 'b6d4a21ac57c5ecd4066275f93f64a32') in 0.026927 seconds
  Import took 0.032377 seconds .

========================================================================
Received Prepare
Registering precompiled user dll's ...
Registered in 0.011304 seconds.
Begin MonoManager ReloadAssembly
Native extension for OSXStandalone target not found
Refreshing native plugins compatible for Editor in 2.73 ms, found 6 plugins.
Preloading 0 native plugins for Editor in 0.00 ms.
Mono: successfully reloaded assembly
- Completed reload, in  2.321 seconds
Platform modules already initialized, skipping
Switching build target platform(2) subTarget(0) extendedPlatform(0) -> platform(9) subTarget(16777218) extendedPlatform(0)
Refreshing native plugins compatible for Editor in 1.82 ms, found 6 plugins.
Preloading 0 native plugins for Editor in 0.00 ms.
Unloading 1932 Unused Serialized files (Serialized files now loaded: 0)
System memory in use before: 159.7 MB.
System memory in use after: 159.8 MB.

Unloading 102 unused Assets to reduce memory usage. Loaded Objects now: 2318.
Total: 4.991086 ms (FindLiveObjects: 0.499522 ms CreateObjectMapping: 0.215383 ms MarkObjects: 4.174677 ms  DeleteObjects: 0.095887 ms)

AssetImportParameters requested are different than current active one (requested -> active):
  custom:graphics/normal-map-encoding: 01000000000000000000000000000000 -> 02000000000000000000000000000000
========================================================================
Received Import Request.
  Time since last request: 47.034938 seconds.
  path: Assets/prefabs/Enemy Bullet 3 (1).prefab
  artifactKey: Guid(270bb3fcf0c45492b936f130497f7a70) Importer(815301076,1909f56bfc062723c751e8b465ee728b)
Start importing Assets/prefabs/Enemy Bullet 3 (1).prefab using Guid(270bb3fcf0c45492b936f130497f7a70) Importer(815301076,1909f56bfc062723c751e8b465ee728b)  -> (artifact id: 'efb18665b1c09a699606a143947e8943') in 1.599456 seconds
  Import took 1.604982 seconds .

========================================================================
Received Import Request.
  Time since last request: 0.000269 seconds.
  path: Assets/prefabs/피마앙씨-removebg-preview.prefab
  artifactKey: Guid(9946883bc697343b7a7ec0d94b6e862b) Importer(815301076,1909f56bfc062723c751e8b465ee728b)
Start importing Assets/prefabs/피마앙씨-removebg-preview.prefab using Guid(9946883bc697343b7a7ec0d94b6e862b) Importer(815301076,1909f56bfc062723c751e8b465ee728b)  -> (artifact id: '903033fcdbd3e90ea44a86c20ecc8483') in 0.021566 seconds
  Import took 0.027717 seconds .

========================================================================
Received Prepare
Registering precompiled user dll's ...
Registered in 0.020818 seconds.
Begin MonoManager ReloadAssembly
Native extension for OSXStandalone target not found
Refreshing native plugins compatible for Editor in 1.16 ms, found 6 plugins.
Preloading 0 native plugins for Editor in 0.00 ms.
Mono: successfully reloaded assembly
- Completed reload, in  1.512 seconds
Platform modules already initialized, skipping
Switching build target platform(2) subTarget(0) extendedPlatform(0) -> platform(9) subTarget(16777218) extendedPlatform(0)
Refreshing native plugins compatible for Editor in 0.93 ms, found 6 plugins.
Preloading 0 native plugins for Editor in 0.00 ms.
Unloading 1932 Unused Serialized files (Serialized files now loaded: 0)
System memory in use before: 167.5 MB.
System memory in use after: 167.6 MB.

Unloading 102 unused Assets to reduce memory usage. Loaded Objects now: 2328.
Total: 2.039935 ms (FindLiveObjects: 0.190936 ms CreateObjectMapping: 0.061767 ms MarkObjects: 1.724691 ms  DeleteObjects: 0.061089 ms)

AssetImportParameters requested are different than current active one (requested -> active):
  custom:graphics/normal-map-encoding: 01000000000000000000000000000000 -> 02000000000000000000000000000000
========================================================================
Received Import Request.
  Time since last request: 132.896806 seconds.
  path: Assets/prefabs/Enemy Bullet 3 (1).prefab
  artifactKey: Guid(270bb3fcf0c45492b936f130497f7a70) Importer(815301076,1909f56bfc062723c751e8b465ee728b)
Start importing Assets/prefabs/Enemy Bullet 3 (1).prefab using Guid(270bb3fcf0c45492b936f130497f7a70) Importer(815301076,1909f56bfc062723c751e8b465ee728b)  -> (artifact id: 'ce685cfca0407489e905d4402ee9133d') in 0.133017 seconds
  Import took 0.139019 seconds .

========================================================================
Received Import Request.
  Time since last request: 0.715762 seconds.
  path: Assets/prefabs/Enemy Bullet 3 (1).prefab
  artifactKey: Guid(270bb3fcf0c45492b936f130497f7a70) Importer(815301076,1909f56bfc062723c751e8b465ee728b)
Start importing Assets/prefabs/Enemy Bullet 3 (1).prefab using Guid(270bb3fcf0c45492b936f130497f7a70) Importer(815301076,1909f56bfc062723c751e8b465ee728b)  -> (artifact id: 'ce685cfca0407489e905d4402ee9133d') in 0.010810 seconds
  Import took 0.015698 seconds .

========================================================================
Received Prepare
Registering precompiled user dll's ...
Registered in 0.016268 seconds.
Begin MonoManager ReloadAssembly
Native extension for OSXStandalone target not found
Refreshing native plugins compatible for Editor in 2.02 ms, found 6 plugins.
Preloading 0 native plugins for Editor in 0.00 ms.
Mono: successfully reloaded assembly
- Completed reload, in  2.498 seconds
Platform modules already initialized, skipping
Switching build target platform(2) subTarget(0) extendedPlatform(0) -> platform(9) subTarget(16777218) extendedPlatform(0)
Refreshing native plugins compatible for Editor in 2.08 ms, found 6 plugins.
Preloading 0 native plugins for Editor in 0.00 ms.
Unloading 1932 Unused Serialized files (Serialized files now loaded: 0)
System memory in use before: 167.8 MB.
System memory in use after: 167.9 MB.

Unloading 102 unused Assets to reduce memory usage. Loaded Objects now: 2332.
Total: 3.064226 ms (FindLiveObjects: 0.289312 ms CreateObjectMapping: 0.099541 ms MarkObjects: 2.609930 ms  DeleteObjects: 0.061092 ms)

AssetImportParameters requested are different than current active one (requested -> active):
  custom:graphics/normal-map-encoding: 01000000000000000000000000000000 -> 02000000000000000000000000000000
========================================================================
Received Import Request.
  Time since last request: 46.225445 seconds.
  path: Assets/prefabs/Enemy Bullet 3 (1).prefab
  artifactKey: Guid(270bb3fcf0c45492b936f130497f7a70) Importer(815301076,1909f56bfc062723c751e8b465ee728b)
Start importing Assets/prefabs/Enemy Bullet 3 (1).prefab using Guid(270bb3fcf0c45492b936f130497f7a70) Importer(815301076,1909f56bfc062723c751e8b465ee728b)  -> (artifact id: 'd0838314b1843917e0463274ba966edd') in 0.101025 seconds
  Import took 0.107080 seconds .

========================================================================
Received Prepare
Registering precompiled user dll's ...
Registered in 0.035464 seconds.
Begin MonoManager ReloadAssembly
Native extension for OSXStandalone target not found
Refreshing native plugins compatible for Editor in 1.86 ms, found 6 plugins.
Preloading 0 native plugins for Editor in 0.00 ms.
Mono: successfully reloaded assembly
- Completed reload, in  1.701 seconds
Platform modules already initialized, skipping
Switching build target platform(2) subTarget(0) extendedPlatform(0) -> platform(9) subTarget(16777218) extendedPlatform(0)
Refreshing native plugins compatible for Editor in 2.06 ms, found 6 plugins.
Preloading 0 native plugins for Editor in 0.00 ms.
Unloading 1932 Unused Serialized files (Serialized files now loaded: 0)
System memory in use before: 168.1 MB.
System memory in use after: 168.1 MB.

Unloading 102 unused Assets to reduce memory usage. Loaded Objects now: 2336.
Total: 3.430750 ms (FindLiveObjects: 0.279490 ms CreateObjectMapping: 0.092772 ms MarkObjects: 2.979332 ms  DeleteObjects: 0.075618 ms)

AssetImportParameters requested are different than current active one (requested -> active):
  custom:graphics/normal-map-encoding: 01000000000000000000000000000000 -> 02000000000000000000000000000000
========================================================================
Received Prepare
Registering precompiled user dll's ...
Registered in 0.016245 seconds.
Begin MonoManager ReloadAssembly
Native extension for OSXStandalone target not found
Refreshing native plugins compatible for Editor in 2.52 ms, found 6 plugins.
Preloading 0 native plugins for Editor in 0.00 ms.
Mono: successfully reloaded assembly
- Completed reload, in  2.473 seconds
Platform modules already initialized, skipping
Switching build target platform(2) subTarget(0) extendedPlatform(0) -> platform(9) subTarget(16777218) extendedPlatform(0)
Refreshing native plugins compatible for Editor in 1.83 ms, found 6 plugins.
Preloading 0 native plugins for Editor in 0.00 ms.
Unloading 1932 Unused Serialized files (Serialized files now loaded: 0)
System memory in use before: 168.3 MB.
System memory in use after: 168.3 MB.

Unloading 102 unused Assets to reduce memory usage. Loaded Objects now: 2339.
Total: 2.926525 ms (FindLiveObjects: 0.255716 ms CreateObjectMapping: 0.098819 ms MarkObjects: 2.508277 ms  DeleteObjects: 0.060039 ms)

AssetImportParameters requested are different than current active one (requested -> active):
  custom:graphics/normal-map-encoding: 01000000000000000000000000000000 -> 02000000000000000000000000000000
========================================================================
Received Prepare
Registering precompiled user dll's ...
Registered in 0.018367 seconds.
Begin MonoManager ReloadAssembly
Native extension for OSXStandalone target not found
Refreshing native plugins compatible for Editor in 1.90 ms, found 6 plugins.
Preloading 0 native plugins for Editor in 0.00 ms.
Mono: successfully reloaded assembly
- Completed reload, in  3.316 seconds
Platform modules already initialized, skipping
Switching build target platform(2) subTarget(0) extendedPlatform(0) -> platform(9) subTarget(16777218) extendedPlatform(0)
Refreshing native plugins compatible for Editor in 2.41 ms, found 6 plugins.
Preloading 0 native plugins for Editor in 0.00 ms.
Unloading 1932 Unused Serialized files (Serialized files now loaded: 0)
System memory in use before: 168.5 MB.
System memory in use after: 168.6 MB.

Unloading 102 unused Assets to reduce memory usage. Loaded Objects now: 2342.
Total: 4.268642 ms (FindLiveObjects: 0.458853 ms CreateObjectMapping: 0.106298 ms MarkObjects: 3.492584 ms  DeleteObjects: 0.205712 ms)

AssetImportParameters requested are different than current active one (requested -> active):
  custom:graphics/normal-map-encoding: 01000000000000000000000000000000 -> 02000000000000000000000000000000
========================================================================
Received Import Request.
  Time since last request: 332.719558 seconds.
  path: Assets/Scenes/Game1.unity
  artifactKey: Guid(2cda990e2423bbf4892e6590ba056729) Importer(815301076,1909f56bfc062723c751e8b465ee728b)
Start importing Assets/Scenes/Game1.unity using Guid(2cda990e2423bbf4892e6590ba056729) Importer(815301076,1909f56bfc062723c751e8b465ee728b)  -> (artifact id: 'a655e6313c366a6f7e32f6a75ab1f4d2') in 0.012430 seconds
  Import took 0.016672 seconds .

========================================================================
Received Import Request.
  Time since last request: 0.000644 seconds.
  path: Assets/Scenes/Game1.unity
  artifactKey: Guid(2cda990e2423bbf4892e6590ba056729) Importer(815301076,1909f56bfc062723c751e8b465ee728b)
Start importing Assets/Scenes/Game1.unity using Guid(2cda990e2423bbf4892e6590ba056729) Importer(815301076,1909f56bfc062723c751e8b465ee728b)  -> (artifact id: 'a655e6313c366a6f7e32f6a75ab1f4d2') in 0.001250 seconds
  Import took 0.004601 seconds .

========================================================================
Received Import Request.
  Time since last request: 104.111506 seconds.
  path: Assets/scripts/game1/touchpad/LEFT.cs
  artifactKey: Guid(13290ddc03e20447eb7de87ce819a4bf) Importer(815301076,1909f56bfc062723c751e8b465ee728b)
Start importing Assets/scripts/game1/touchpad/LEFT.cs using Guid(13290ddc03e20447eb7de87ce819a4bf) Importer(815301076,1909f56bfc062723c751e8b465ee728b)  -> (artifact id: '8b0aa6cbdbb95bbb57d9fd551b6453a3') in 0.016073 seconds
  Import took 0.024606 seconds .

========================================================================
Received Import Request.
  Time since last request: 12.889407 seconds.
  path: Assets/scripts/game1/touchpad/AttackJoypad.cs
  artifactKey: Guid(391beacf12a30439faaa0606163f3c3c) Importer(815301076,1909f56bfc062723c751e8b465ee728b)
Start importing Assets/scripts/game1/touchpad/AttackJoypad.cs using Guid(391beacf12a30439faaa0606163f3c3c) Importer(815301076,1909f56bfc062723c751e8b465ee728b)  -> (artifact id: 'bad3d710391958ee9084eee20e87ea55') in 0.004379 seconds
  Import took 0.009087 seconds .

========================================================================
Received Prepare
Registering precompiled user dll's ...
Registered in 0.022057 seconds.
Begin MonoManager ReloadAssembly
Native extension for OSXStandalone target not found
Refreshing native plugins compatible for Editor in 1.34 ms, found 6 plugins.
Preloading 0 native plugins for Editor in 0.00 ms.
Mono: successfully reloaded assembly
- Completed reload, in  2.040 seconds
Platform modules already initialized, skipping
Switching build target platform(2) subTarget(0) extendedPlatform(0) -> platform(9) subTarget(16777218) extendedPlatform(0)
Refreshing native plugins compatible for Editor in 1.21 ms, found 6 plugins.
Preloading 0 native plugins for Editor in 0.00 ms.
Unloading 1933 Unused Serialized files (Serialized files now loaded: 0)
System memory in use before: 168.7 MB.
System memory in use after: 168.8 MB.

Unloading 102 unused Assets to reduce memory usage. Loaded Objects now: 2346.
Total: 2.514702 ms (FindLiveObjects: 0.267514 ms CreateObjectMapping: 0.072040 ms MarkObjects: 2.095319 ms  DeleteObjects: 0.078042 ms)

AssetImportParameters requested are different than current active one (requested -> active):
  custom:graphics/normal-map-encoding: 01000000000000000000000000000000 -> 02000000000000000000000000000000
========================================================================
Received Import Request.
  Time since last request: 203.335201 seconds.
  path: Assets/scripts/game1/maincharac.cs
  artifactKey: Guid(4ce7c5fa9d4e54bb198e71a9a93316bd) Importer(815301076,1909f56bfc062723c751e8b465ee728b)
Start importing Assets/scripts/game1/maincharac.cs using Guid(4ce7c5fa9d4e54bb198e71a9a93316bd) Importer(815301076,1909f56bfc062723c751e8b465ee728b)  -> (artifact id: '4996493a723ab567bbd14846e8ab5bdc') in 0.010256 seconds
  Import took 0.017076 seconds .

========================================================================
Received Import Request.
  Time since last request: 0.040433 seconds.
  path: Assets/scripts/game1/maincharac.cs
  artifactKey: Guid(4ce7c5fa9d4e54bb198e71a9a93316bd) Importer(815301076,1909f56bfc062723c751e8b465ee728b)
Start importing Assets/scripts/game1/maincharac.cs using Guid(4ce7c5fa9d4e54bb198e71a9a93316bd) Importer(815301076,1909f56bfc062723c751e8b465ee728b)  -> (artifact id: '4996493a723ab567bbd14846e8ab5bdc') in 0.001490 seconds
  Import took 0.004704 seconds .

========================================================================
Received Prepare
Registering precompiled user dll's ...
Registered in 0.014296 seconds.
Begin MonoManager ReloadAssembly
Native extension for OSXStandalone target not found
Refreshing native plugins compatible for Editor in 1.64 ms, found 6 plugins.
Preloading 0 native plugins for Editor in 0.00 ms.
Mono: successfully reloaded assembly
- Completed reload, in  2.586 seconds
Platform modules already initialized, skipping
Switching build target platform(2) subTarget(0) extendedPlatform(0) -> platform(9) subTarget(16777218) extendedPlatform(0)
Refreshing native plugins compatible for Editor in 1.39 ms, found 6 plugins.
Preloading 0 native plugins for Editor in 0.00 ms.
Unloading 1933 Unused Serialized files (Serialized files now loaded: 0)
System memory in use before: 169.0 MB.
System memory in use after: 169.0 MB.

Unloading 102 unused Assets to reduce memory usage. Loaded Objects now: 2349.
Total: 2.796047 ms (FindLiveObjects: 0.409125 ms CreateObjectMapping: 0.093263 ms MarkObjects: 2.229335 ms  DeleteObjects: 0.062546 ms)

AssetImportParameters requested are different than current active one (requested -> active):
  custom:graphics/normal-map-encoding: 01000000000000000000000000000000 -> 02000000000000000000000000000000
========================================================================
Received Prepare
Registering precompiled user dll's ...
Registered in 0.025560 seconds.
Begin MonoManager ReloadAssembly
Native extension for OSXStandalone target not found
Refreshing native plugins compatible for Editor in 1.53 ms, found 6 plugins.
Preloading 0 native plugins for Editor in 0.00 ms.
Mono: successfully reloaded assembly
- Completed reload, in  2.289 seconds
Platform modules already initialized, skipping
Switching build target platform(2) subTarget(0) extendedPlatform(0) -> platform(9) subTarget(16777218) extendedPlatform(0)
Refreshing native plugins compatible for Editor in 1.48 ms, found 6 plugins.
Preloading 0 native plugins for Editor in 0.00 ms.
Unloading 1933 Unused Serialized files (Serialized files now loaded: 0)
System memory in use before: 169.2 MB.
System memory in use after: 169.3 MB.

Unloading 102 unused Assets to reduce memory usage. Loaded Objects now: 2352.
Total: 2.771306 ms (FindLiveObjects: 0.317253 ms CreateObjectMapping: 0.101280 ms MarkObjects: 2.298021 ms  DeleteObjects: 0.053257 ms)

AssetImportParameters requested are different than current active one (requested -> active):
  custom:graphics/normal-map-encoding: 01000000000000000000000000000000 -> 02000000000000000000000000000000
========================================================================
Received Import Request.
  Time since last request: 1293.877427 seconds.
  path: Assets/Scenes/Game1.unity
  artifactKey: Guid(2cda990e2423bbf4892e6590ba056729) Importer(815301076,1909f56bfc062723c751e8b465ee728b)
Start importing Assets/Scenes/Game1.unity using Guid(2cda990e2423bbf4892e6590ba056729) Importer(815301076,1909f56bfc062723c751e8b465ee728b)  -> (artifact id: 'fa9e36f57ca7e0a2ffa509dfadbd657e') in 0.019433 seconds
  Import took 0.025497 seconds .

========================================================================
Received Prepare
Registering precompiled user dll's ...
Registered in 0.009101 seconds.
Begin MonoManager ReloadAssembly
Native extension for OSXStandalone target not found
Refreshing native plugins compatible for Editor in 2.98 ms, found 6 plugins.
Preloading 0 native plugins for Editor in 0.00 ms.
Mono: successfully reloaded assembly
- Completed reload, in  3.967 seconds
Platform modules already initialized, skipping
Switching build target platform(2) subTarget(0) extendedPlatform(0) -> platform(9) subTarget(16777218) extendedPlatform(0)
Refreshing native plugins compatible for Editor in 3.37 ms, found 6 plugins.
Preloading 0 native plugins for Editor in 0.00 ms.
Unloading 1933 Unused Serialized files (Serialized files now loaded: 0)
System memory in use before: 169.4 MB.
System memory in use after: 169.5 MB.

Unloading 102 unused Assets to reduce memory usage. Loaded Objects now: 2355.
Total: 6.743891 ms (FindLiveObjects: 0.597021 ms CreateObjectMapping: 0.258226 ms MarkObjects: 5.730110 ms  DeleteObjects: 0.150028 ms)

AssetImportParameters requested are different than current active one (requested -> active):
  custom:graphics/normal-map-encoding: 01000000000000000000000000000000 -> 02000000000000000000000000000000
========================================================================
Received Prepare
Registering precompiled user dll's ...
Registered in 0.021450 seconds.
Begin MonoManager ReloadAssembly
Native extension for OSXStandalone target not found
Refreshing native plugins compatible for Editor in 2.02 ms, found 6 plugins.
Preloading 0 native plugins for Editor in 0.00 ms.
Mono: successfully reloaded assembly
- Completed reload, in  3.496 seconds
Platform modules already initialized, skipping
Switching build target platform(2) subTarget(0) extendedPlatform(0) -> platform(9) subTarget(16777218) extendedPlatform(0)
Refreshing native plugins compatible for Editor in 1.86 ms, found 6 plugins.
Preloading 0 native plugins for Editor in 0.00 ms.
Unloading 1933 Unused Serialized files (Serialized files now loaded: 0)
System memory in use before: 169.6 MB.
System memory in use after: 169.7 MB.

Unloading 102 unused Assets to reduce memory usage. Loaded Objects now: 2358.
Total: 4.247994 ms (FindLiveObjects: 0.603592 ms CreateObjectMapping: 0.161613 ms MarkObjects: 3.406397 ms  DeleteObjects: 0.073899 ms)

AssetImportParameters requested are different than current active one (requested -> active):
  custom:graphics/normal-map-encoding: 01000000000000000000000000000000 -> 02000000000000000000000000000000
========================================================================
Received Prepare
Registering precompiled user dll's ...
Registered in 0.030020 seconds.
Begin MonoManager ReloadAssembly
Native extension for OSXStandalone target not found
Refreshing native plugins compatible for Editor in 1.50 ms, found 6 plugins.
Preloading 0 native plugins for Editor in 0.00 ms.
Mono: successfully reloaded assembly
- Completed reload, in  2.096 seconds
Platform modules already initialized, skipping
Switching build target platform(2) subTarget(0) extendedPlatform(0) -> platform(9) subTarget(16777218) extendedPlatform(0)
Refreshing native plugins compatible for Editor in 1.28 ms, found 6 plugins.
Preloading 0 native plugins for Editor in 0.00 ms.
Unloading 1933 Unused Serialized files (Serialized files now loaded: 0)
System memory in use before: 169.8 MB.
System memory in use after: 169.9 MB.

Unloading 102 unused Assets to reduce memory usage. Loaded Objects now: 2361.
Total: 2.641182 ms (FindLiveObjects: 0.264943 ms CreateObjectMapping: 0.075076 ms MarkObjects: 2.217314 ms  DeleteObjects: 0.081816 ms)

AssetImportParameters requested are different than current active one (requested -> active):
  custom:graphics/normal-map-encoding: 01000000000000000000000000000000 -> 02000000000000000000000000000000
========================================================================
Received Import Request.
  Time since last request: 289.858504 seconds.
  path: Assets/Scenes/Game1.unity
  artifactKey: Guid(2cda990e2423bbf4892e6590ba056729) Importer(815301076,1909f56bfc062723c751e8b465ee728b)
Start importing Assets/Scenes/Game1.unity using Guid(2cda990e2423bbf4892e6590ba056729) Importer(815301076,1909f56bfc062723c751e8b465ee728b)  -> (artifact id: '78e962c36382d2c0be472e8485aaad02') in 0.018695 seconds
  Import took 0.024412 seconds .

========================================================================
Received Prepare
Registering precompiled user dll's ...
Registered in 0.015803 seconds.
Begin MonoManager ReloadAssembly
Native extension for OSXStandalone target not found
Refreshing native plugins compatible for Editor in 1.37 ms, found 6 plugins.
Preloading 0 native plugins for Editor in 0.00 ms.
Mono: successfully reloaded assembly
- Completed reload, in  1.926 seconds
Platform modules already initialized, skipping
Switching build target platform(2) subTarget(0) extendedPlatform(0) -> platform(9) subTarget(16777218) extendedPlatform(0)
Refreshing native plugins compatible for Editor in 1.25 ms, found 6 plugins.
Preloading 0 native plugins for Editor in 0.00 ms.
Unloading 1933 Unused Serialized files (Serialized files now loaded: 0)
System memory in use before: 170.0 MB.
System memory in use after: 170.1 MB.

Unloading 102 unused Assets to reduce memory usage. Loaded Objects now: 2364.
Total: 2.487658 ms (FindLiveObjects: 0.266559 ms CreateObjectMapping: 0.074029 ms MarkObjects: 2.087308 ms  DeleteObjects: 0.056871 ms)

AssetImportParameters requested are different than current active one (requested -> active):
  custom:graphics/normal-map-encoding: 01000000000000000000000000000000 -> 02000000000000000000000000000000
========================================================================
Received Prepare
Registering precompiled user dll's ...
Registered in 0.014902 seconds.
Begin MonoManager ReloadAssembly
Native extension for OSXStandalone target not found
Refreshing native plugins compatible for Editor in 1.92 ms, found 6 plugins.
Preloading 0 native plugins for Editor in 0.00 ms.
Mono: successfully reloaded assembly
- Completed reload, in  2.170 seconds
Platform modules already initialized, skipping
Switching build target platform(2) subTarget(0) extendedPlatform(0) -> platform(9) subTarget(16777218) extendedPlatform(0)
Refreshing native plugins compatible for Editor in 1.03 ms, found 6 plugins.
Preloading 0 native plugins for Editor in 0.00 ms.
Unloading 1933 Unused Serialized files (Serialized files now loaded: 0)
System memory in use before: 170.2 MB.
System memory in use after: 170.3 MB.

Unloading 102 unused Assets to reduce memory usage. Loaded Objects now: 2367.
Total: 2.147637 ms (FindLiveObjects: 0.207406 ms CreateObjectMapping: 0.066434 ms MarkObjects: 1.830255 ms  DeleteObjects: 0.042292 ms)

AssetImportParameters requested are different than current active one (requested -> active):
  custom:graphics/normal-map-encoding: 01000000000000000000000000000000 -> 02000000000000000000000000000000
========================================================================
Received Prepare
Registering precompiled user dll's ...
Registered in 0.025793 seconds.
Begin MonoManager ReloadAssembly
Native extension for OSXStandalone target not found
Refreshing native plugins compatible for Editor in 1.29 ms, found 6 plugins.
Preloading 0 native plugins for Editor in 0.00 ms.
Mono: successfully reloaded assembly
- Completed reload, in  1.789 seconds
Platform modules already initialized, skipping
Switching build target platform(2) subTarget(0) extendedPlatform(0) -> platform(9) subTarget(16777218) extendedPlatform(0)
Refreshing native plugins compatible for Editor in 1.58 ms, found 6 plugins.
Preloading 0 native plugins for Editor in 0.00 ms.
Unloading 1933 Unused Serialized files (Serialized files now loaded: 0)
System memory in use before: 170.4 MB.
System memory in use after: 170.5 MB.

Unloading 102 unused Assets to reduce memory usage. Loaded Objects now: 2370.
Total: 2.603996 ms (FindLiveObjects: 0.321632 ms CreateObjectMapping: 0.141018 ms MarkObjects: 2.087795 ms  DeleteObjects: 0.050094 ms)

AssetImportParameters requested are different than current active one (requested -> active):
  custom:graphics/normal-map-encoding: 01000000000000000000000000000000 -> 02000000000000000000000000000000
========================================================================
Received Prepare
Registering precompiled user dll's ...
Registered in 0.013839 seconds.
Begin MonoManager ReloadAssembly
Native extension for OSXStandalone target not found
Refreshing native plugins compatible for Editor in 1.56 ms, found 6 plugins.
Preloading 0 native plugins for Editor in 0.00 ms.
Mono: successfully reloaded assembly
- Completed reload, in  1.963 seconds
Platform modules already initialized, skipping
Switching build target platform(2) subTarget(0) extendedPlatform(0) -> platform(9) subTarget(16777218) extendedPlatform(0)
Refreshing native plugins compatible for Editor in 1.12 ms, found 6 plugins.
Preloading 0 native plugins for Editor in 0.00 ms.
Unloading 1933 Unused Serialized files (Serialized files now loaded: 0)
System memory in use before: 170.7 MB.
System memory in use after: 170.7 MB.

Unloading 102 unused Assets to reduce memory usage. Loaded Objects now: 2373.
Total: 2.317842 ms (FindLiveObjects: 0.234645 ms CreateObjectMapping: 0.070950 ms MarkObjects: 1.925389 ms  DeleteObjects: 0.083349 ms)

AssetImportParameters requested are different than current active one (requested -> active):
  custom:graphics/normal-map-encoding: 01000000000000000000000000000000 -> 02000000000000000000000000000000
========================================================================
Received Prepare
Registering precompiled user dll's ...
Registered in 0.013580 seconds.
Begin MonoManager ReloadAssembly
Native extension for OSXStandalone target not found
Refreshing native plugins compatible for Editor in 1.11 ms, found 6 plugins.
Preloading 0 native plugins for Editor in 0.00 ms.
Mono: successfully reloaded assembly
- Completed reload, in  1.714 seconds
Platform modules already initialized, skipping
Switching build target platform(2) subTarget(0) extendedPlatform(0) -> platform(9) subTarget(16777218) extendedPlatform(0)
Refreshing native plugins compatible for Editor in 1.12 ms, found 6 plugins.
Preloading 0 native plugins for Editor in 0.00 ms.
Unloading 1933 Unused Serialized files (Serialized files now loaded: 0)
System memory in use before: 170.9 MB.
System memory in use after: 171.0 MB.

Unloading 102 unused Assets to reduce memory usage. Loaded Objects now: 2376.
Total: 2.316434 ms (FindLiveObjects: 0.265148 ms CreateObjectMapping: 0.069647 ms MarkObjects: 1.925415 ms  DeleteObjects: 0.054769 ms)

AssetImportParameters requested are different than current active one (requested -> active):
  custom:graphics/normal-map-encoding: 01000000000000000000000000000000 -> 02000000000000000000000000000000
========================================================================
Received Prepare
Registering precompiled user dll's ...
Registered in 0.015669 seconds.
Begin MonoManager ReloadAssembly
Native extension for OSXStandalone target not found
Refreshing native plugins compatible for Editor in 1.19 ms, found 6 plugins.
Preloading 0 native plugins for Editor in 0.00 ms.
Mono: successfully reloaded assembly
- Completed reload, in  1.830 seconds
Platform modules already initialized, skipping
Switching build target platform(2) subTarget(0) extendedPlatform(0) -> platform(9) subTarget(16777218) extendedPlatform(0)
Refreshing native plugins compatible for Editor in 1.00 ms, found 6 plugins.
Preloading 0 native plugins for Editor in 0.00 ms.
Unloading 1933 Unused Serialized files (Serialized files now loaded: 0)
System memory in use before: 171.1 MB.
System memory in use after: 171.2 MB.

Unloading 102 unused Assets to reduce memory usage. Loaded Objects now: 2379.
Total: 2.134609 ms (FindLiveObjects: 0.334306 ms CreateObjectMapping: 0.085197 ms MarkObjects: 1.672028 ms  DeleteObjects: 0.041877 ms)

AssetImportParameters requested are different than current active one (requested -> active):
  custom:graphics/normal-map-encoding: 01000000000000000000000000000000 -> 02000000000000000000000000000000
========================================================================
Received Prepare
Registering precompiled user dll's ...
Registered in 0.004555 seconds.
Begin MonoManager ReloadAssembly
Native extension for OSXStandalone target not found
Refreshing native plugins compatible for Editor in 1.50 ms, found 6 plugins.
Preloading 0 native plugins for Editor in 0.00 ms.
Mono: successfully reloaded assembly
- Completed reload, in  1.810 seconds
Platform modules already initialized, skipping
Switching build target platform(2) subTarget(0) extendedPlatform(0) -> platform(9) subTarget(16777218) extendedPlatform(0)
Refreshing native plugins compatible for Editor in 1.49 ms, found 6 plugins.
Preloading 0 native plugins for Editor in 0.00 ms.
Unloading 1933 Unused Serialized files (Serialized files now loaded: 0)
System memory in use before: 171.3 MB.
System memory in use after: 171.4 MB.

Unloading 102 unused Assets to reduce memory usage. Loaded Objects now: 2382.
Total: 3.064423 ms (FindLiveObjects: 0.312788 ms CreateObjectMapping: 0.098815 ms MarkObjects: 2.594120 ms  DeleteObjects: 0.056403 ms)

AssetImportParameters requested are different than current active one (requested -> active):
  custom:graphics/normal-map-encoding: 01000000000000000000000000000000 -> 02000000000000000000000000000000
========================================================================
Received Prepare
Registering precompiled user dll's ...
Registered in 0.017977 seconds.
Begin MonoManager ReloadAssembly
Native extension for OSXStandalone target not found
Refreshing native plugins compatible for Editor in 1.61 ms, found 6 plugins.
Preloading 0 native plugins for Editor in 0.00 ms.
Mono: successfully reloaded assembly
- Completed reload, in  2.703 seconds
Platform modules already initialized, skipping
Switching build target platform(2) subTarget(0) extendedPlatform(0) -> platform(9) subTarget(16777218) extendedPlatform(0)
Refreshing native plugins compatible for Editor in 2.69 ms, found 6 plugins.
Preloading 0 native plugins for Editor in 0.00 ms.
Unloading 1933 Unused Serialized files (Serialized files now loaded: 0)
System memory in use before: 171.5 MB.
System memory in use after: 171.6 MB.

Unloading 102 unused Assets to reduce memory usage. Loaded Objects now: 2385.
Total: 3.970854 ms (FindLiveObjects: 0.340406 ms CreateObjectMapping: 0.108382 ms MarkObjects: 3.445716 ms  DeleteObjects: 0.073677 ms)

AssetImportParameters requested are different than current active one (requested -> active):
  custom:graphics/normal-map-encoding: 01000000000000000000000000000000 -> 02000000000000000000000000000000
========================================================================
Received Prepare
Registering precompiled user dll's ...
Registered in 0.014497 seconds.
Begin MonoManager ReloadAssembly
Native extension for OSXStandalone target not found
Refreshing native plugins compatible for Editor in 1.82 ms, found 6 plugins.
Preloading 0 native plugins for Editor in 0.00 ms.
Mono: successfully reloaded assembly
- Completed reload, in  2.606 seconds
Platform modules already initialized, skipping
Switching build target platform(2) subTarget(0) extendedPlatform(0) -> platform(9) subTarget(16777218) extendedPlatform(0)
Refreshing native plugins compatible for Editor in 2.28 ms, found 6 plugins.
Preloading 0 native plugins for Editor in 0.00 ms.
Unloading 1933 Unused Serialized files (Serialized files now loaded: 0)
System memory in use before: 171.7 MB.
System memory in use after: 171.8 MB.

Unloading 102 unused Assets to reduce memory usage. Loaded Objects now: 2388.
Total: 3.819948 ms (FindLiveObjects: 0.330190 ms CreateObjectMapping: 0.096306 ms MarkObjects: 3.305860 ms  DeleteObjects: 0.085428 ms)

AssetImportParameters requested are different than current active one (requested -> active):
  custom:graphics/normal-map-encoding: 01000000000000000000000000000000 -> 02000000000000000000000000000000
========================================================================
Received Prepare
Registering precompiled user dll's ...
Registered in 0.015703 seconds.
Begin MonoManager ReloadAssembly
Native extension for OSXStandalone target not found
Refreshing native plugins compatible for Editor in 1.75 ms, found 6 plugins.
Preloading 0 native plugins for Editor in 0.00 ms.
Mono: successfully reloaded assembly
- Completed reload, in  2.563 seconds
Platform modules already initialized, skipping
Switching build target platform(2) subTarget(0) extendedPlatform(0) -> platform(9) subTarget(16777218) extendedPlatform(0)
Refreshing native plugins compatible for Editor in 1.69 ms, found 6 plugins.
Preloading 0 native plugins for Editor in 0.00 ms.
Unloading 1933 Unused Serialized files (Serialized files now loaded: 0)
System memory in use before: 171.9 MB.
System memory in use after: 172.0 MB.

Unloading 102 unused Assets to reduce memory usage. Loaded Objects now: 2391.
Total: 3.219451 ms (FindLiveObjects: 0.416177 ms CreateObjectMapping: 0.105707 ms MarkObjects: 2.628062 ms  DeleteObjects: 0.065502 ms)

AssetImportParameters requested are different than current active one (requested -> active):
  custom:graphics/normal-map-encoding: 01000000000000000000000000000000 -> 02000000000000000000000000000000
========================================================================
Received Prepare
Registering precompiled user dll's ...
Registered in 0.014226 seconds.
Begin MonoManager ReloadAssembly
Native extension for OSXStandalone target not found
Refreshing native plugins compatible for Editor in 1.33 ms, found 6 plugins.
Preloading 0 native plugins for Editor in 0.00 ms.
Mono: successfully reloaded assembly
- Completed reload, in  2.026 seconds
Platform modules already initialized, skipping
Switching build target platform(2) subTarget(0) extendedPlatform(0) -> platform(9) subTarget(16777218) extendedPlatform(0)
Refreshing native plugins compatible for Editor in 1.22 ms, found 6 plugins.
Preloading 0 native plugins for Editor in 0.00 ms.
Unloading 1933 Unused Serialized files (Serialized files now loaded: 0)
System memory in use before: 172.1 MB.
System memory in use after: 172.2 MB.

Unloading 102 unused Assets to reduce memory usage. Loaded Objects now: 2394.
Total: 2.387698 ms (FindLiveObjects: 0.253493 ms CreateObjectMapping: 0.072540 ms MarkObjects: 2.014085 ms  DeleteObjects: 0.044176 ms)

AssetImportParameters requested are different than current active one (requested -> active):
  custom:graphics/normal-map-encoding: 01000000000000000000000000000000 -> 02000000000000000000000000000000
========================================================================
Received Prepare
Registering precompiled user dll's ...
Registered in 0.015564 seconds.
Begin MonoManager ReloadAssembly
Native extension for OSXStandalone target not found
Refreshing native plugins compatible for Editor in 1.29 ms, found 6 plugins.
Preloading 0 native plugins for Editor in 0.00 ms.
Mono: successfully reloaded assembly
- Completed reload, in  2.610 seconds
Platform modules already initialized, skipping
Switching build target platform(2) subTarget(0) extendedPlatform(0) -> platform(9) subTarget(16777218) extendedPlatform(0)
Refreshing native plugins compatible for Editor in 1.33 ms, found 6 plugins.
Preloading 0 native plugins for Editor in 0.00 ms.
Unloading 1933 Unused Serialized files (Serialized files now loaded: 0)
System memory in use before: 172.4 MB.
System memory in use after: 172.5 MB.

Unloading 102 unused Assets to reduce memory usage. Loaded Objects now: 2397.
Total: 2.366368 ms (FindLiveObjects: 0.234269 ms CreateObjectMapping: 0.082957 ms MarkObjects: 2.003765 ms  DeleteObjects: 0.044059 ms)

AssetImportParameters requested are different than current active one (requested -> active):
  custom:graphics/normal-map-encoding: 01000000000000000000000000000000 -> 02000000000000000000000000000000
========================================================================
Received Prepare
Registering precompiled user dll's ...
Registered in 0.014214 seconds.
Begin MonoManager ReloadAssembly
Native extension for OSXStandalone target not found
Refreshing native plugins compatible for Editor in 1.51 ms, found 6 plugins.
Preloading 0 native plugins for Editor in 0.00 ms.
Mono: successfully reloaded assembly
- Completed reload, in  1.900 seconds
Platform modules already initialized, skipping
Switching build target platform(2) subTarget(0) extendedPlatform(0) -> platform(9) subTarget(16777218) extendedPlatform(0)
Refreshing native plugins compatible for Editor in 1.15 ms, found 6 plugins.
Preloading 0 native plugins for Editor in 0.00 ms.
Unloading 1933 Unused Serialized files (Serialized files now loaded: 0)
System memory in use before: 172.6 MB.
System memory in use after: 172.7 MB.

Unloading 102 unused Assets to reduce memory usage. Loaded Objects now: 2400.
Total: 2.634905 ms (FindLiveObjects: 0.309924 ms CreateObjectMapping: 0.079216 ms MarkObjects: 2.197828 ms  DeleteObjects: 0.045974 ms)

AssetImportParameters requested are different than current active one (requested -> active):
  custom:graphics/normal-map-encoding: 01000000000000000000000000000000 -> 02000000000000000000000000000000
========================================================================
Received Prepare
Registering precompiled user dll's ...
Registered in 0.014191 seconds.
Begin MonoManager ReloadAssembly
Native extension for OSXStandalone target not found
Refreshing native plugins compatible for Editor in 1.52 ms, found 6 plugins.
Preloading 0 native plugins for Editor in 0.00 ms.
Mono: successfully reloaded assembly
- Completed reload, in  2.268 seconds
Platform modules already initialized, skipping
Switching build target platform(2) subTarget(0) extendedPlatform(0) -> platform(9) subTarget(16777218) extendedPlatform(0)
Refreshing native plugins compatible for Editor in 2.09 ms, found 6 plugins.
Preloading 0 native plugins for Editor in 0.00 ms.
Unloading 1933 Unused Serialized files (Serialized files now loaded: 0)
System memory in use before: 172.8 MB.
System memory in use after: 172.9 MB.

Unloading 102 unused Assets to reduce memory usage. Loaded Objects now: 2403.
Total: 3.564142 ms (FindLiveObjects: 0.369656 ms CreateObjectMapping: 0.096882 ms MarkObjects: 3.011315 ms  DeleteObjects: 0.083717 ms)

AssetImportParameters requested are different than current active one (requested -> active):
  custom:graphics/normal-map-encoding: 01000000000000000000000000000000 -> 02000000000000000000000000000000
========================================================================
Received Prepare
Registering precompiled user dll's ...
Registered in 0.016382 seconds.
Begin MonoManager ReloadAssembly
Native extension for OSXStandalone target not found
Refreshing native plugins compatible for Editor in 1.91 ms, found 6 plugins.
Preloading 0 native plugins for Editor in 0.00 ms.
Mono: successfully reloaded assembly
- Completed reload, in  2.224 seconds
Platform modules already initialized, skipping
Switching build target platform(2) subTarget(0) extendedPlatform(0) -> platform(9) subTarget(16777218) extendedPlatform(0)
Refreshing native plugins compatible for Editor in 1.38 ms, found 6 plugins.
Preloading 0 native plugins for Editor in 0.00 ms.
Unloading 1933 Unused Serialized files (Serialized files now loaded: 0)
System memory in use before: 173.0 MB.
System memory in use after: 173.1 MB.

Unloading 102 unused Assets to reduce memory usage. Loaded Objects now: 2406.
Total: 2.439533 ms (FindLiveObjects: 0.226977 ms CreateObjectMapping: 0.083509 ms MarkObjects: 2.081189 ms  DeleteObjects: 0.046029 ms)

AssetImportParameters requested are different than current active one (requested -> active):
  custom:graphics/normal-map-encoding: 01000000000000000000000000000000 -> 02000000000000000000000000000000
========================================================================
Received Prepare
Registering precompiled user dll's ...
Registered in 0.013188 seconds.
Begin MonoManager ReloadAssembly
Native extension for OSXStandalone target not found
Refreshing native plugins compatible for Editor in 1.28 ms, found 6 plugins.
Preloading 0 native plugins for Editor in 0.00 ms.
Mono: successfully reloaded assembly
- Completed reload, in  1.690 seconds
Platform modules already initialized, skipping
Switching build target platform(2) subTarget(0) extendedPlatform(0) -> platform(9) subTarget(16777218) extendedPlatform(0)
Refreshing native plugins compatible for Editor in 1.31 ms, found 6 plugins.
Preloading 0 native plugins for Editor in 0.00 ms.
Unloading 1933 Unused Serialized files (Serialized files now loaded: 0)
System memory in use before: 173.2 MB.
System memory in use after: 173.3 MB.

Unloading 102 unused Assets to reduce memory usage. Loaded Objects now: 2409.
Total: 2.828103 ms (FindLiveObjects: 0.273377 ms CreateObjectMapping: 0.131955 ms MarkObjects: 2.372300 ms  DeleteObjects: 0.048882 ms)

AssetImportParameters requested are different than current active one (requested -> active):
  custom:graphics/normal-map-encoding: 01000000000000000000000000000000 -> 02000000000000000000000000000000
========================================================================
Received Prepare
Registering precompiled user dll's ...
Registered in 0.024283 seconds.
Begin MonoManager ReloadAssembly
Native extension for OSXStandalone target not found
Refreshing native plugins compatible for Editor in 1.52 ms, found 6 plugins.
Preloading 0 native plugins for Editor in 0.00 ms.
Mono: successfully reloaded assembly
- Completed reload, in  1.758 seconds
Platform modules already initialized, skipping
Switching build target platform(2) subTarget(0) extendedPlatform(0) -> platform(9) subTarget(16777218) extendedPlatform(0)
Refreshing native plugins compatible for Editor in 1.27 ms, found 6 plugins.
Preloading 0 native plugins for Editor in 0.00 ms.
Unloading 1933 Unused Serialized files (Serialized files now loaded: 0)
System memory in use before: 173.4 MB.
System memory in use after: 173.5 MB.

Unloading 102 unused Assets to reduce memory usage. Loaded Objects now: 2412.
Total: 2.478347 ms (FindLiveObjects: 0.261705 ms CreateObjectMapping: 0.090889 ms MarkObjects: 2.066835 ms  DeleteObjects: 0.057396 ms)

AssetImportParameters requested are different than current active one (requested -> active):
  custom:graphics/normal-map-encoding: 01000000000000000000000000000000 -> 02000000000000000000000000000000
========================================================================
Received Prepare
Registering precompiled user dll's ...
Registered in 0.009906 seconds.
Begin MonoManager ReloadAssembly
Native extension for OSXStandalone target not found
Refreshing native plugins compatible for Editor in 2.87 ms, found 6 plugins.
Preloading 0 native plugins for Editor in 0.00 ms.
Mono: successfully reloaded assembly
- Completed reload, in  2.997 seconds
Platform modules already initialized, skipping
Switching build target platform(2) subTarget(0) extendedPlatform(0) -> platform(9) subTarget(16777218) extendedPlatform(0)
Refreshing native plugins compatible for Editor in 1.48 ms, found 6 plugins.
Preloading 0 native plugins for Editor in 0.00 ms.
Unloading 1933 Unused Serialized files (Serialized files now loaded: 0)
System memory in use before: 173.6 MB.
System memory in use after: 173.7 MB.

Unloading 102 unused Assets to reduce memory usage. Loaded Objects now: 2415.
Total: 5.183593 ms (FindLiveObjects: 0.369378 ms CreateObjectMapping: 0.136084 ms MarkObjects: 4.610490 ms  DeleteObjects: 0.065147 ms)

AssetImportParameters requested are different than current active one (requested -> active):
  custom:graphics/normal-map-encoding: 01000000000000000000000000000000 -> 02000000000000000000000000000000
========================================================================
Received Import Request.
  Time since last request: 892.787607 seconds.
  path: Assets/prefabs/pumpkinbullet.prefab
  artifactKey: Guid(05760f5bdf06e4a6c8896da4350babde) Importer(815301076,1909f56bfc062723c751e8b465ee728b)
Start importing Assets/prefabs/pumpkinbullet.prefab using Guid(05760f5bdf06e4a6c8896da4350babde) Importer(815301076,1909f56bfc062723c751e8b465ee728b)  -> (artifact id: 'd335214ee3feea34f816981b69e525f0') in 0.095079 seconds
  Import took 0.100964 seconds .

========================================================================
Received Import Request.
  Time since last request: 11.169381 seconds.
  path: Assets/prefabs/pumpkinbullet.prefab
  artifactKey: Guid(05760f5bdf06e4a6c8896da4350babde) Importer(815301076,1909f56bfc062723c751e8b465ee728b)
Start importing Assets/prefabs/pumpkinbullet.prefab using Guid(05760f5bdf06e4a6c8896da4350babde) Importer(815301076,1909f56bfc062723c751e8b465ee728b)  -> (artifact id: 'd49d89ec40d39e6da1198b4ad5902121') in 0.048156 seconds
  Import took 0.053784 seconds .

========================================================================
Received Import Request.
  Time since last request: 2.400345 seconds.
  path: Assets/prefabs/pumpkinbullet.prefab
  artifactKey: Guid(05760f5bdf06e4a6c8896da4350babde) Importer(815301076,1909f56bfc062723c751e8b465ee728b)
Start importing Assets/prefabs/pumpkinbullet.prefab using Guid(05760f5bdf06e4a6c8896da4350babde) Importer(815301076,1909f56bfc062723c751e8b465ee728b)  -> (artifact id: 'ecb2ee86571ceeba5235c92fc5c7f87f') in 0.068071 seconds
  Import took 0.075484 seconds .

========================================================================
Received Import Request.
  Time since last request: 3.162514 seconds.
  path: Assets/prefabs/pumpkinbullet.prefab
  artifactKey: Guid(05760f5bdf06e4a6c8896da4350babde) Importer(815301076,1909f56bfc062723c751e8b465ee728b)
Start importing Assets/prefabs/pumpkinbullet.prefab using Guid(05760f5bdf06e4a6c8896da4350babde) Importer(815301076,1909f56bfc062723c751e8b465ee728b)  -> (artifact id: 'c308f32128efefd40a02dcfe03b11f89') in 0.016245 seconds
  Import took 0.023738 seconds .

========================================================================
Received Import Request.
  Time since last request: 5.685524 seconds.
  path: Assets/prefabs/pumpkinbullet.prefab
  artifactKey: Guid(05760f5bdf06e4a6c8896da4350babde) Importer(815301076,1909f56bfc062723c751e8b465ee728b)
Start importing Assets/prefabs/pumpkinbullet.prefab using Guid(05760f5bdf06e4a6c8896da4350babde) Importer(815301076,1909f56bfc062723c751e8b465ee728b)  -> (artifact id: '6a741b2f22332c947cc27a6b597ddae4') in 0.014179 seconds
  Import took 0.020132 seconds .

========================================================================
Received Prepare
Registering precompiled user dll's ...
Registered in 0.026013 seconds.
Begin MonoManager ReloadAssembly
Native extension for OSXStandalone target not found
Refreshing native plugins compatible for Editor in 2.49 ms, found 6 plugins.
Preloading 0 native plugins for Editor in 0.00 ms.
Mono: successfully reloaded assembly
- Completed reload, in  2.627 seconds
Platform modules already initialized, skipping
Switching build target platform(2) subTarget(0) extendedPlatform(0) -> platform(9) subTarget(16777218) extendedPlatform(0)
Refreshing native plugins compatible for Editor in 1.52 ms, found 6 plugins.
Preloading 0 native plugins for Editor in 0.00 ms.
Unloading 1933 Unused Serialized files (Serialized files now loaded: 0)
System memory in use before: 173.9 MB.
System memory in use after: 174.0 MB.

Unloading 102 unused Assets to reduce memory usage. Loaded Objects now: 2419.
Total: 3.721653 ms (FindLiveObjects: 0.465782 ms CreateObjectMapping: 0.149590 ms MarkObjects: 3.026623 ms  DeleteObjects: 0.076881 ms)

AssetImportParameters requested are different than current active one (requested -> active):
  custom:graphics/normal-map-encoding: 01000000000000000000000000000000 -> 02000000000000000000000000000000
========================================================================
Received Prepare
Registering precompiled user dll's ...
Registered in 0.024142 seconds.
Begin MonoManager ReloadAssembly
Native extension for OSXStandalone target not found
Refreshing native plugins compatible for Editor in 1.28 ms, found 6 plugins.
Preloading 0 native plugins for Editor in 0.00 ms.
Mono: successfully reloaded assembly
- Completed reload, in  1.671 seconds
Platform modules already initialized, skipping
Switching build target platform(2) subTarget(0) extendedPlatform(0) -> platform(9) subTarget(16777218) extendedPlatform(0)
Refreshing native plugins compatible for Editor in 0.96 ms, found 6 plugins.
Preloading 0 native plugins for Editor in 0.00 ms.
Unloading 1933 Unused Serialized files (Serialized files now loaded: 0)
System memory in use before: 174.1 MB.
System memory in use after: 174.2 MB.

Unloading 102 unused Assets to reduce memory usage. Loaded Objects now: 2422.
Total: 2.696161 ms (FindLiveObjects: 0.213419 ms CreateObjectMapping: 0.092045 ms MarkObjects: 2.341391 ms  DeleteObjects: 0.047394 ms)

AssetImportParameters requested are different than current active one (requested -> active):
  custom:graphics/normal-map-encoding: 01000000000000000000000000000000 -> 02000000000000000000000000000000
========================================================================
Received Prepare
Registering precompiled user dll's ...
Registered in 0.014426 seconds.
Begin MonoManager ReloadAssembly
Native extension for OSXStandalone target not found
Refreshing native plugins compatible for Editor in 2.30 ms, found 6 plugins.
Preloading 0 native plugins for Editor in 0.00 ms.
Mono: successfully reloaded assembly
- Completed reload, in  3.001 seconds
Platform modules already initialized, skipping
Switching build target platform(2) subTarget(0) extendedPlatform(0) -> platform(9) subTarget(16777218) extendedPlatform(0)
Refreshing native plugins compatible for Editor in 2.09 ms, found 6 plugins.
Preloading 0 native plugins for Editor in 0.00 ms.
Unloading 1933 Unused Serialized files (Serialized files now loaded: 0)
System memory in use before: 174.4 MB.
System memory in use after: 174.5 MB.

Unloading 102 unused Assets to reduce memory usage. Loaded Objects now: 2425.
Total: 5.258851 ms (FindLiveObjects: 0.422108 ms CreateObjectMapping: 0.227313 ms MarkObjects: 4.476962 ms  DeleteObjects: 0.128940 ms)

AssetImportParameters requested are different than current active one (requested -> active):
  custom:graphics/normal-map-encoding: 01000000000000000000000000000000 -> 02000000000000000000000000000000
========================================================================
Received Prepare
Registering precompiled user dll's ...
Registered in 0.013887 seconds.
Begin MonoManager ReloadAssembly
Native extension for OSXStandalone target not found
Refreshing native plugins compatible for Editor in 1.94 ms, found 6 plugins.
Preloading 0 native plugins for Editor in 0.00 ms.
Mono: successfully reloaded assembly
- Completed reload, in  2.689 seconds
Platform modules already initialized, skipping
Switching build target platform(2) subTarget(0) extendedPlatform(0) -> platform(9) subTarget(16777218) extendedPlatform(0)
Refreshing native plugins compatible for Editor in 2.25 ms, found 6 plugins.
Preloading 0 native plugins for Editor in 0.00 ms.
Unloading 1933 Unused Serialized files (Serialized files now loaded: 0)
System memory in use before: 174.6 MB.
System memory in use after: 174.7 MB.

Unloading 102 unused Assets to reduce memory usage. Loaded Objects now: 2428.
Total: 5.274866 ms (FindLiveObjects: 0.669349 ms CreateObjectMapping: 0.329656 ms MarkObjects: 4.097564 ms  DeleteObjects: 0.174806 ms)

AssetImportParameters requested are different than current active one (requested -> active):
  custom:graphics/normal-map-encoding: 01000000000000000000000000000000 -> 02000000000000000000000000000000
========================================================================
Received Prepare
Registering precompiled user dll's ...
Registered in 0.021416 seconds.
Begin MonoManager ReloadAssembly
Native extension for OSXStandalone target not found
Refreshing native plugins compatible for Editor in 1.69 ms, found 6 plugins.
Preloading 0 native plugins for Editor in 0.00 ms.
Mono: successfully reloaded assembly
- Completed reload, in  2.681 seconds
Platform modules already initialized, skipping
Switching build target platform(2) subTarget(0) extendedPlatform(0) -> platform(9) subTarget(16777218) extendedPlatform(0)
Refreshing native plugins compatible for Editor in 1.68 ms, found 6 plugins.
Preloading 0 native plugins for Editor in 0.00 ms.
Unloading 1933 Unused Serialized files (Serialized files now loaded: 0)
System memory in use before: 174.8 MB.
System memory in use after: 174.9 MB.

Unloading 102 unused Assets to reduce memory usage. Loaded Objects now: 2431.
Total: 3.143503 ms (FindLiveObjects: 0.305753 ms CreateObjectMapping: 0.104101 ms MarkObjects: 2.660502 ms  DeleteObjects: 0.071233 ms)

AssetImportParameters requested are different than current active one (requested -> active):
  custom:graphics/normal-map-encoding: 01000000000000000000000000000000 -> 02000000000000000000000000000000
========================================================================
Received Prepare
Registering precompiled user dll's ...
Registered in 0.034807 seconds.
Begin MonoManager ReloadAssembly
Native extension for OSXStandalone target not found
Refreshing native plugins compatible for Editor in 1.63 ms, found 6 plugins.
Preloading 0 native plugins for Editor in 0.00 ms.
Mono: successfully reloaded assembly
- Completed reload, in  2.332 seconds
Platform modules already initialized, skipping
Switching build target platform(2) subTarget(0) extendedPlatform(0) -> platform(9) subTarget(16777218) extendedPlatform(0)
Refreshing native plugins compatible for Editor in 1.96 ms, found 6 plugins.
Preloading 0 native plugins for Editor in 0.00 ms.
Unloading 1933 Unused Serialized files (Serialized files now loaded: 0)
System memory in use before: 175.0 MB.
System memory in use after: 175.1 MB.

Unloading 102 unused Assets to reduce memory usage. Loaded Objects now: 2434.
Total: 4.087985 ms (FindLiveObjects: 0.414385 ms CreateObjectMapping: 0.110625 ms MarkObjects: 3.481291 ms  DeleteObjects: 0.079342 ms)

AssetImportParameters requested are different than current active one (requested -> active):
  custom:graphics/normal-map-encoding: 01000000000000000000000000000000 -> 02000000000000000000000000000000
========================================================================
Received Prepare
Registering precompiled user dll's ...
Registered in 0.015102 seconds.
Begin MonoManager ReloadAssembly
Native extension for OSXStandalone target not found
Refreshing native plugins compatible for Editor in 1.31 ms, found 6 plugins.
Preloading 0 native plugins for Editor in 0.00 ms.
Mono: successfully reloaded assembly
- Completed reload, in  2.109 seconds
Platform modules already initialized, skipping
Switching build target platform(2) subTarget(0) extendedPlatform(0) -> platform(9) subTarget(16777218) extendedPlatform(0)
Refreshing native plugins compatible for Editor in 1.04 ms, found 6 plugins.
Preloading 0 native plugins for Editor in 0.00 ms.
Unloading 1933 Unused Serialized files (Serialized files now loaded: 0)
System memory in use before: 175.2 MB.
System memory in use after: 175.3 MB.

Unloading 102 unused Assets to reduce memory usage. Loaded Objects now: 2437.
Total: 2.039145 ms (FindLiveObjects: 0.197188 ms CreateObjectMapping: 0.064122 ms MarkObjects: 1.727768 ms  DeleteObjects: 0.049052 ms)

AssetImportParameters requested are different than current active one (requested -> active):
  custom:graphics/normal-map-encoding: 01000000000000000000000000000000 -> 02000000000000000000000000000000
========================================================================
Received Prepare
Registering precompiled user dll's ...
Registered in 0.013657 seconds.
Begin MonoManager ReloadAssembly
Native extension for OSXStandalone target not found
Refreshing native plugins compatible for Editor in 1.23 ms, found 6 plugins.
Preloading 0 native plugins for Editor in 0.00 ms.
Mono: successfully reloaded assembly
- Completed reload, in  1.893 seconds
Platform modules already initialized, skipping
Switching build target platform(2) subTarget(0) extendedPlatform(0) -> platform(9) subTarget(16777218) extendedPlatform(0)
Refreshing native plugins compatible for Editor in 1.35 ms, found 6 plugins.
Preloading 0 native plugins for Editor in 0.00 ms.
Unloading 1933 Unused Serialized files (Serialized files now loaded: 0)
System memory in use before: 175.4 MB.
System memory in use after: 175.5 MB.

Unloading 102 unused Assets to reduce memory usage. Loaded Objects now: 2440.
Total: 3.172019 ms (FindLiveObjects: 0.278977 ms CreateObjectMapping: 0.083441 ms MarkObjects: 2.745691 ms  DeleteObjects: 0.061944 ms)

AssetImportParameters requested are different than current active one (requested -> active):
  custom:graphics/normal-map-encoding: 01000000000000000000000000000000 -> 02000000000000000000000000000000
========================================================================
Received Prepare
Registering precompiled user dll's ...
Registered in 0.016948 seconds.
Begin MonoManager ReloadAssembly
Native extension for OSXStandalone target not found
Refreshing native plugins compatible for Editor in 1.10 ms, found 6 plugins.
Preloading 0 native plugins for Editor in 0.00 ms.
Mono: successfully reloaded assembly
- Completed reload, in  1.839 seconds
Platform modules already initialized, skipping
Switching build target platform(2) subTarget(0) extendedPlatform(0) -> platform(9) subTarget(16777218) extendedPlatform(0)
Refreshing native plugins compatible for Editor in 1.09 ms, found 6 plugins.
Preloading 0 native plugins for Editor in 0.00 ms.
Unloading 1933 Unused Serialized files (Serialized files now loaded: 0)
System memory in use before: 175.6 MB.
System memory in use after: 175.7 MB.

Unloading 102 unused Assets to reduce memory usage. Loaded Objects now: 2443.
Total: 2.202594 ms (FindLiveObjects: 0.362354 ms CreateObjectMapping: 0.080496 ms MarkObjects: 1.717441 ms  DeleteObjects: 0.041123 ms)

AssetImportParameters requested are different than current active one (requested -> active):
  custom:graphics/normal-map-encoding: 01000000000000000000000000000000 -> 02000000000000000000000000000000
========================================================================
Received Prepare
Registering precompiled user dll's ...
Registered in 0.021112 seconds.
Begin MonoManager ReloadAssembly
Native extension for OSXStandalone target not found
Refreshing native plugins compatible for Editor in 1.22 ms, found 6 plugins.
Preloading 0 native plugins for Editor in 0.00 ms.
Mono: successfully reloaded assembly
- Completed reload, in  1.943 seconds
Platform modules already initialized, skipping
Switching build target platform(2) subTarget(0) extendedPlatform(0) -> platform(9) subTarget(16777218) extendedPlatform(0)
Refreshing native plugins compatible for Editor in 1.22 ms, found 6 plugins.
Preloading 0 native plugins for Editor in 0.00 ms.
Unloading 1933 Unused Serialized files (Serialized files now loaded: 0)
System memory in use before: 175.8 MB.
System memory in use after: 175.9 MB.

Unloading 102 unused Assets to reduce memory usage. Loaded Objects now: 2446.
Total: 2.392934 ms (FindLiveObjects: 0.288625 ms CreateObjectMapping: 0.072365 ms MarkObjects: 1.972258 ms  DeleteObjects: 0.058176 ms)

AssetImportParameters requested are different than current active one (requested -> active):
  custom:graphics/normal-map-encoding: 01000000000000000000000000000000 -> 02000000000000000000000000000000
========================================================================
Received Prepare
Registering precompiled user dll's ...
Registered in 0.013919 seconds.
Begin MonoManager ReloadAssembly
Native extension for OSXStandalone target not found
Refreshing native plugins compatible for Editor in 1.23 ms, found 6 plugins.
Preloading 0 native plugins for Editor in 0.00 ms.
Mono: successfully reloaded assembly
- Completed reload, in  2.087 seconds
Platform modules already initialized, skipping
Switching build target platform(2) subTarget(0) extendedPlatform(0) -> platform(9) subTarget(16777218) extendedPlatform(0)
Refreshing native plugins compatible for Editor in 1.36 ms, found 6 plugins.
Preloading 0 native plugins for Editor in 0.00 ms.
Unloading 1933 Unused Serialized files (Serialized files now loaded: 0)
System memory in use before: 176.0 MB.
System memory in use after: 176.1 MB.

Unloading 102 unused Assets to reduce memory usage. Loaded Objects now: 2449.
Total: 2.841782 ms (FindLiveObjects: 0.255797 ms CreateObjectMapping: 0.079604 ms MarkObjects: 2.383185 ms  DeleteObjects: 0.121425 ms)

AssetImportParameters requested are different than current active one (requested -> active):
  custom:graphics/normal-map-encoding: 01000000000000000000000000000000 -> 02000000000000000000000000000000
========================================================================
Received Prepare
Registering precompiled user dll's ...
Registered in 0.011324 seconds.
Begin MonoManager ReloadAssembly
Native extension for OSXStandalone target not found
Refreshing native plugins compatible for Editor in 1.68 ms, found 6 plugins.
Preloading 0 native plugins for Editor in 0.00 ms.
Mono: successfully reloaded assembly
- Completed reload, in  2.797 seconds
Platform modules already initialized, skipping
Switching build target platform(2) subTarget(0) extendedPlatform(0) -> platform(9) subTarget(16777218) extendedPlatform(0)
Refreshing native plugins compatible for Editor in 1.89 ms, found 6 plugins.
Preloading 0 native plugins for Editor in 0.00 ms.
Unloading 1933 Unused Serialized files (Serialized files now loaded: 0)
System memory in use before: 176.2 MB.
System memory in use after: 176.3 MB.

Unloading 102 unused Assets to reduce memory usage. Loaded Objects now: 2452.
Total: 3.214212 ms (FindLiveObjects: 0.321086 ms CreateObjectMapping: 0.097559 ms MarkObjects: 2.730026 ms  DeleteObjects: 0.063493 ms)

AssetImportParameters requested are different than current active one (requested -> active):
  custom:graphics/normal-map-encoding: 01000000000000000000000000000000 -> 02000000000000000000000000000000
========================================================================
Received Import Request.
  Time since last request: 2872.197505 seconds.
  path: Assets/scripts/game1/baseVillain.cs
  artifactKey: Guid(8c3d5acfcd518485aa2b9b258c8f44c2) Importer(815301076,1909f56bfc062723c751e8b465ee728b)
Start importing Assets/scripts/game1/baseVillain.cs using Guid(8c3d5acfcd518485aa2b9b258c8f44c2) Importer(815301076,1909f56bfc062723c751e8b465ee728b)  -> (artifact id: '916c8a6dbd0bf6b2dba5b2e578cc96f6') in 0.053522 seconds
  Import took 0.078154 seconds .

========================================================================
Received Import Request.
  Time since last request: 0.539485 seconds.
  path: Assets/scripts/game1/life.cs
  artifactKey: Guid(51b51e49357544b9a9a12c1f654b30b0) Importer(815301076,1909f56bfc062723c751e8b465ee728b)
Start importing Assets/scripts/game1/life.cs using Guid(51b51e49357544b9a9a12c1f654b30b0) Importer(815301076,1909f56bfc062723c751e8b465ee728b)  -> (artifact id: 'f7bdb9d382fdf0d17f5f6ad7916efe3a') in 0.003171 seconds
  Import took 0.009287 seconds .

========================================================================
Received Import Request.
  Time since last request: 0.002326 seconds.
  path: Assets/scripts/game1/life.cs
  artifactKey: Guid(51b51e49357544b9a9a12c1f654b30b0) Importer(815301076,1909f56bfc062723c751e8b465ee728b)
Start importing Assets/scripts/game1/life.cs using Guid(51b51e49357544b9a9a12c1f654b30b0) Importer(815301076,1909f56bfc062723c751e8b465ee728b)  -> (artifact id: 'f7bdb9d382fdf0d17f5f6ad7916efe3a') in 0.003708 seconds
  Import took 0.009996 seconds .

========================================================================
Received Import Request.
  Time since last request: 0.623336 seconds.
  path: Assets/scripts/game1/mainCam.cs
  artifactKey: Guid(d9f1f2bed6c1a4fc687da2554ef05de3) Importer(815301076,1909f56bfc062723c751e8b465ee728b)
Start importing Assets/scripts/game1/mainCam.cs using Guid(d9f1f2bed6c1a4fc687da2554ef05de3) Importer(815301076,1909f56bfc062723c751e8b465ee728b)  -> (artifact id: '8f59ac88b9a5a7bdd17e7a0150f882f3') in 0.003875 seconds
  Import took 0.010168 seconds .

========================================================================
Received Prepare
Registering precompiled user dll's ...
Registered in 0.013875 seconds.
Begin MonoManager ReloadAssembly
Native extension for OSXStandalone target not found
Refreshing native plugins compatible for Editor in 1.35 ms, found 6 plugins.
Preloading 0 native plugins for Editor in 0.00 ms.
Mono: successfully reloaded assembly
- Completed reload, in  2.429 seconds
Platform modules already initialized, skipping
Switching build target platform(2) subTarget(0) extendedPlatform(0) -> platform(9) subTarget(16777218) extendedPlatform(0)
Refreshing native plugins compatible for Editor in 1.52 ms, found 6 plugins.
Preloading 0 native plugins for Editor in 0.00 ms.
Unloading 1933 Unused Serialized files (Serialized files now loaded: 0)
System memory in use before: 176.4 MB.
System memory in use after: 176.5 MB.

Unloading 102 unused Assets to reduce memory usage. Loaded Objects now: 2455.
Total: 3.476444 ms (FindLiveObjects: 0.505284 ms CreateObjectMapping: 0.112263 ms MarkObjects: 2.796126 ms  DeleteObjects: 0.060453 ms)

AssetImportParameters requested are different than current active one (requested -> active):
  custom:graphics/normal-map-encoding: 01000000000000000000000000000000 -> 02000000000000000000000000000000
========================================================================
Received Prepare
Registering precompiled user dll's ...
Registered in 0.016870 seconds.
Begin MonoManager ReloadAssembly
Native extension for OSXStandalone target not found
Refreshing native plugins compatible for Editor in 1.54 ms, found 6 plugins.
Preloading 0 native plugins for Editor in 0.00 ms.
Mono: successfully reloaded assembly
- Completed reload, in  2.505 seconds
Platform modules already initialized, skipping
Switching build target platform(2) subTarget(0) extendedPlatform(0) -> platform(9) subTarget(16777218) extendedPlatform(0)
Refreshing native plugins compatible for Editor in 1.61 ms, found 6 plugins.
Preloading 0 native plugins for Editor in 0.00 ms.
Unloading 1933 Unused Serialized files (Serialized files now loaded: 0)
System memory in use before: 176.7 MB.
System memory in use after: 176.8 MB.

Unloading 102 unused Assets to reduce memory usage. Loaded Objects now: 2458.
Total: 3.249978 ms (FindLiveObjects: 0.512352 ms CreateObjectMapping: 0.173142 ms MarkObjects: 2.501282 ms  DeleteObjects: 0.060774 ms)

AssetImportParameters requested are different than current active one (requested -> active):
  custom:graphics/normal-map-encoding: 01000000000000000000000000000000 -> 02000000000000000000000000000000
========================================================================
Received Prepare
Registering precompiled user dll's ...
Registered in 0.015510 seconds.
Begin MonoManager ReloadAssembly
Native extension for OSXStandalone target not found
Refreshing native plugins compatible for Editor in 1.38 ms, found 6 plugins.
Preloading 0 native plugins for Editor in 0.00 ms.
Mono: successfully reloaded assembly
- Completed reload, in  1.944 seconds
Platform modules already initialized, skipping
Switching build target platform(2) subTarget(0) extendedPlatform(0) -> platform(9) subTarget(16777218) extendedPlatform(0)
Refreshing native plugins compatible for Editor in 1.43 ms, found 6 plugins.
Preloading 0 native plugins for Editor in 0.00 ms.
Unloading 1933 Unused Serialized files (Serialized files now loaded: 0)
System memory in use before: 176.9 MB.
System memory in use after: 177.0 MB.

Unloading 102 unused Assets to reduce memory usage. Loaded Objects now: 2461.
Total: 2.706862 ms (FindLiveObjects: 0.258658 ms CreateObjectMapping: 0.084275 ms MarkObjects: 2.300307 ms  DeleteObjects: 0.062294 ms)

AssetImportParameters requested are different than current active one (requested -> active):
  custom:graphics/normal-map-encoding: 01000000000000000000000000000000 -> 02000000000000000000000000000000
========================================================================
Received Prepare
Registering precompiled user dll's ...
Registered in 0.022674 seconds.
Begin MonoManager ReloadAssembly
Native extension for OSXStandalone target not found
Refreshing native plugins compatible for Editor in 2.60 ms, found 6 plugins.
Preloading 0 native plugins for Editor in 0.00 ms.
Mono: successfully reloaded assembly
- Completed reload, in  3.436 seconds
Platform modules already initialized, skipping
Switching build target platform(2) subTarget(0) extendedPlatform(0) -> platform(9) subTarget(16777218) extendedPlatform(0)
Refreshing native plugins compatible for Editor in 1.79 ms, found 6 plugins.
Preloading 0 native plugins for Editor in 0.00 ms.
Unloading 1933 Unused Serialized files (Serialized files now loaded: 0)
System memory in use before: 177.1 MB.
System memory in use after: 177.2 MB.

Unloading 102 unused Assets to reduce memory usage. Loaded Objects now: 2464.
Total: 3.494142 ms (FindLiveObjects: 0.338111 ms CreateObjectMapping: 0.101430 ms MarkObjects: 2.982128 ms  DeleteObjects: 0.068608 ms)

AssetImportParameters requested are different than current active one (requested -> active):
  custom:graphics/normal-map-encoding: 01000000000000000000000000000000 -> 02000000000000000000000000000000
========================================================================
Received Prepare
Registering precompiled user dll's ...
Registered in 0.014131 seconds.
Begin MonoManager ReloadAssembly
Native extension for OSXStandalone target not found
Refreshing native plugins compatible for Editor in 2.32 ms, found 6 plugins.
Preloading 0 native plugins for Editor in 0.00 ms.
Mono: successfully reloaded assembly
- Completed reload, in  2.860 seconds
Platform modules already initialized, skipping
Switching build target platform(2) subTarget(0) extendedPlatform(0) -> platform(9) subTarget(16777218) extendedPlatform(0)
Refreshing native plugins compatible for Editor in 1.99 ms, found 6 plugins.
Preloading 0 native plugins for Editor in 0.00 ms.
Unloading 1933 Unused Serialized files (Serialized files now loaded: 0)
System memory in use before: 177.3 MB.
System memory in use after: 177.4 MB.

Unloading 102 unused Assets to reduce memory usage. Loaded Objects now: 2467.
Total: 6.350075 ms (FindLiveObjects: 0.689948 ms CreateObjectMapping: 0.233275 ms MarkObjects: 5.295057 ms  DeleteObjects: 0.126927 ms)

AssetImportParameters requested are different than current active one (requested -> active):
  custom:graphics/normal-map-encoding: 01000000000000000000000000000000 -> 02000000000000000000000000000000
========================================================================
Received Prepare
Registering precompiled user dll's ...
Registered in 0.026903 seconds.
Begin MonoManager ReloadAssembly
Native extension for OSXStandalone target not found
Refreshing native plugins compatible for Editor in 1.85 ms, found 6 plugins.
Preloading 0 native plugins for Editor in 0.00 ms.
Mono: successfully reloaded assembly
- Completed reload, in  3.041 seconds
Platform modules already initialized, skipping
Switching build target platform(2) subTarget(0) extendedPlatform(0) -> platform(9) subTarget(16777218) extendedPlatform(0)
Refreshing native plugins compatible for Editor in 1.31 ms, found 6 plugins.
Preloading 0 native plugins for Editor in 0.00 ms.
Unloading 1933 Unused Serialized files (Serialized files now loaded: 0)
System memory in use before: 177.5 MB.
System memory in use after: 177.6 MB.

Unloading 102 unused Assets to reduce memory usage. Loaded Objects now: 2470.
Total: 4.101116 ms (FindLiveObjects: 0.686599 ms CreateObjectMapping: 0.299706 ms MarkObjects: 3.050625 ms  DeleteObjects: 0.059737 ms)

AssetImportParameters requested are different than current active one (requested -> active):
  custom:graphics/normal-map-encoding: 01000000000000000000000000000000 -> 02000000000000000000000000000000
